<?xml version="1.0" encoding="UTF-8"?>
<testng-results ignored="0" total="1" passed="1" failed="0" skipped="0">
  <reporter-output>
  </reporter-output>
  <suite started-at="2023-07-22T10:45:23 CST" name="Default suite" finished-at="2023-07-22T10:45:26 CST" duration-ms="2925">
    <groups>
    </groups>
    <test started-at="2023-07-22T10:45:23 CST" name="Default test" finished-at="2023-07-22T10:45:26 CST" duration-ms="2925">
      <class name="prueba.NewTest">
        <test-method signature="tc01()[pri:0, instance:prueba.NewTest@4f80542f]" started-at="2023-07-22T10:45:23 CST" name="tc01" finished-at="2023-07-22T10:45:26 CST" duration-ms="2864" status="PASS">
          <reporter-output>
          </reporter-output>
        </test-method> <!-- tc01 -->
      </class> <!-- prueba.NewTest -->
    </test> <!-- Default test -->
  </suite> <!-- Default suite -->
</testng-results>
